<?xml version="1.0" encoding="UTF-8"?>
<coverage generated="1590782423131" clover="3.2.0">
  <project timestamp="1590782423131" name="All files">
    <metrics statements="21" coveredstatements="4" conditionals="0" coveredconditionals="0" methods="13" coveredmethods="2" elements="34" coveredelements="6" complexity="0" loc="21" ncloc="21" packages="2" files="3" classes="3"/>
    <package name="src">
      <metrics statements="1" coveredstatements="1" conditionals="0" coveredconditionals="0" methods="1" coveredmethods="1"/>
      <file name="App.vue" path="C:\MyData\coding\spring\springvue\spring-boot-vuejs-master\frontend\src\App.vue">
        <metrics statements="1" coveredstatements="1" conditionals="0" coveredconditionals="0" methods="1" coveredmethods="1"/>
        <line num="20" count="1" type="stmt"/>
      </file>
    </package>
    <package name="src.components">
      <metrics statements="20" coveredstatements="3" conditionals="0" coveredconditionals="0" methods="12" coveredmethods="1"/>
      <file name="User.vue" path="C:\MyData\coding\spring\springvue\spring-boot-vuejs-master\frontend\src\components\User.vue">
        <metrics statements="14" coveredstatements="2" conditionals="0" coveredconditionals="0" methods="7" coveredmethods="1"/>
        <line num="27" count="1" type="stmt"/>
        <line num="33" count="1" type="stmt"/>
        <line num="49" count="0" type="stmt"/>
        <line num="53" count="0" type="stmt"/>
        <line num="54" count="0" type="stmt"/>
        <line num="55" count="0" type="stmt"/>
        <line num="56" count="0" type="stmt"/>
        <line num="59" count="0" type="stmt"/>
        <line num="63" count="0" type="stmt"/>
        <line num="67" count="0" type="stmt"/>
        <line num="68" count="0" type="stmt"/>
        <line num="69" count="0" type="stmt"/>
        <line num="72" count="0" type="stmt"/>
        <line num="73" count="0" type="stmt"/>
      </file>
      <file name="backend-api.js" path="C:\MyData\coding\spring\springvue\spring-boot-vuejs-master\frontend\src\components\backend-api.js">
        <metrics statements="6" coveredstatements="1" conditionals="0" coveredconditionals="0" methods="5" coveredmethods="0"/>
        <line num="3" count="1" type="stmt"/>
        <line num="10" count="0" type="stmt"/>
        <line num="13" count="0" type="stmt"/>
        <line num="16" count="0" type="stmt"/>
        <line num="19" count="0" type="stmt"/>
        <line num="22" count="0" type="stmt"/>
      </file>
    </package>
  </project>
</coverage>
